<?xml version="1.0" encoding="UTF-8"?>
<testng-results ignored="0" total="1" passed="1" failed="0" skipped="0">
  <reporter-output>
  </reporter-output>
  <suite started-at="2024-01-02T22:55:46 IST" name="Default suite" finished-at="2024-01-02T22:56:13 IST" duration-ms="26567">
    <groups>
    </groups>
    <test started-at="2024-01-02T22:55:46 IST" name="Default test" finished-at="2024-01-02T22:56:13 IST" duration-ms="26567">
      <class name="TestPackage.RegisterTest">
        <test-method signature="validRegistation()[pri:0, instance:TestPackage.RegisterTest@78e4deb0]" started-at="2024-01-02T22:55:46 IST" name="validRegistation" finished-at="2024-01-02T22:56:13 IST" duration-ms="26486" status="PASS">
          <reporter-output>
          </reporter-output>
        </test-method> <!-- validRegistation -->
      </class> <!-- TestPackage.RegisterTest -->
    </test> <!-- Default test -->
  </suite> <!-- Default suite -->
</testng-results>
